
Bookモデルのテスト
  バリデーションのテスト
    titleカラム
[31m      空欄でないこと (FAILED - 1)[0m
    bodyカラム
[31m      空欄でないこと (FAILED - 2)[0m
[31m      200文字以下であること: 200文字は〇 (FAILED - 3)[0m
[31m      200文字以下であること: 201文字は× (FAILED - 4)[0m
  アソシエーションのテスト
    Userモデルとの関係
[31m      N:1となっている (FAILED - 5)[0m

Userモデルのテスト
  バリデーションのテスト
    nameカラム
[32m      空欄でないこと[0m
[32m      2文字以上であること: 1文字は×[0m
[32m      2文字以上であること: 2文字は〇[0m
[32m      20文字以下であること: 20文字は〇[0m
[32m      20文字以下であること: 21文字は×[0m
[31m      一意性があること (FAILED - 6)[0m
    introductionカラム
[32m      50文字以下であること: 50文字は〇[0m
[32m      50文字以下であること: 51文字は×[0m
  アソシエーションのテスト
    Bookモデルとの関係
[32m      1:Nとなっている[0m

[STEP1] ユーザログイン前のテスト
  トップ画面のテスト
    表示内容の確認
[32m      URLが正しい[0m
[32m      Log inリンクが表示される: 青色のボタンの表示が「Log in」である[0m
[32m      Log inリンクの内容が正しい[0m
[32m      Sign upリンクが表示される: 緑色のボタンの表示が「Sign up」である[0m
[32m      Sign upリンクの内容が正しい[0m
  アバウト画面のテスト
    表示内容の確認
[31m      URLが正しい (FAILED - 7)[0m
  ヘッダーのテスト: ログインしていない場合
    表示内容の確認
[32m      Bookersリンクが表示される: 左上から1番目のリンクが「Bookers」である[0m
[32m      Homeリンクが表示される: 左上から2番目のリンクが「Home」である[0m

Failures:

  1) Bookモデルのテスト バリデーションのテスト titleカラム 空欄でないこと
     [31mFailure/Error: let!(:book) { build(:book, user_id: user.id) }[0m
     [31m[0m
     [31mSyntaxError:[0m
     [31m  /home/ec2-user/environment/bookers2/app/models/book.rb:5: syntax error, unexpected ':', expecting '}'[0m
     [31m  ...,presence: true,length{maximum: 200}[0m
     [31m  ...                              ^[0m
     [36m# /home/ec2-user/.rvm/gems/ruby-2.6.3/gems/bootsnap-1.12.0/lib/bootsnap/load_path_cache/core_ext/kernel_require.rb:30:in `require'[0m
     [36m# /home/ec2-user/.rvm/gems/ruby-2.6.3/gems/bootsnap-1.12.0/lib/bootsnap/load_path_cache/core_ext/kernel_require.rb:30:in `require'[0m
     [36m# /home/ec2-user/.rvm/gems/ruby-2.6.3/gems/zeitwerk-2.6.0/lib/zeitwerk/kernel.rb:27:in `require'[0m
     [36m# /home/ec2-user/.rvm/gems/ruby-2.6.3/gems/factory_bot-6.2.1/lib/factory_bot/factory.rb:26:in `build_class'[0m
     [36m# /home/ec2-user/.rvm/gems/ruby-2.6.3/gems/factory_bot-6.2.1/lib/factory_bot/factory.rb:87:in `compile'[0m
     [36m# /home/ec2-user/.rvm/gems/ruby-2.6.3/gems/factory_bot-6.2.1/lib/factory_bot/factory_runner.rb:14:in `run'[0m
     [36m# /home/ec2-user/.rvm/gems/ruby-2.6.3/gems/factory_bot-6.2.1/lib/factory_bot/strategy_syntax_method_registrar.rb:28:in `block in define_singular_strategy_method'[0m
     [36m# ./spec/models/book_spec.rb:8:in `block (3 levels) in <top (required)>'[0m

  2) Bookモデルのテスト バリデーションのテスト bodyカラム 空欄でないこと
     [31mFailure/Error: let!(:book) { build(:book, user_id: user.id) }[0m
     [31m[0m
     [31mSyntaxError:[0m
     [31m  /home/ec2-user/environment/bookers2/app/models/book.rb:5: syntax error, unexpected ':', expecting '}'[0m
     [31m  ...,presence: true,length{maximum: 200}[0m
     [31m  ...                              ^[0m
     [36m# /home/ec2-user/.rvm/gems/ruby-2.6.3/gems/bootsnap-1.12.0/lib/bootsnap/load_path_cache/core_ext/kernel_require.rb:30:in `require'[0m
     [36m# /home/ec2-user/.rvm/gems/ruby-2.6.3/gems/bootsnap-1.12.0/lib/bootsnap/load_path_cache/core_ext/kernel_require.rb:30:in `require'[0m
     [36m# /home/ec2-user/.rvm/gems/ruby-2.6.3/gems/zeitwerk-2.6.0/lib/zeitwerk/kernel.rb:27:in `require'[0m
     [36m# /home/ec2-user/.rvm/gems/ruby-2.6.3/gems/factory_bot-6.2.1/lib/factory_bot/factory.rb:26:in `build_class'[0m
     [36m# /home/ec2-user/.rvm/gems/ruby-2.6.3/gems/factory_bot-6.2.1/lib/factory_bot/factory.rb:87:in `compile'[0m
     [36m# /home/ec2-user/.rvm/gems/ruby-2.6.3/gems/factory_bot-6.2.1/lib/factory_bot/factory_runner.rb:14:in `run'[0m
     [36m# /home/ec2-user/.rvm/gems/ruby-2.6.3/gems/factory_bot-6.2.1/lib/factory_bot/strategy_syntax_method_registrar.rb:28:in `block in define_singular_strategy_method'[0m
     [36m# ./spec/models/book_spec.rb:8:in `block (3 levels) in <top (required)>'[0m

  3) Bookモデルのテスト バリデーションのテスト bodyカラム 200文字以下であること: 200文字は〇
     [31mFailure/Error: let!(:book) { build(:book, user_id: user.id) }[0m
     [31m[0m
     [31mSyntaxError:[0m
     [31m  /home/ec2-user/environment/bookers2/app/models/book.rb:5: syntax error, unexpected ':', expecting '}'[0m
     [31m  ...,presence: true,length{maximum: 200}[0m
     [31m  ...                              ^[0m
     [36m# /home/ec2-user/.rvm/gems/ruby-2.6.3/gems/bootsnap-1.12.0/lib/bootsnap/load_path_cache/core_ext/kernel_require.rb:30:in `require'[0m
     [36m# /home/ec2-user/.rvm/gems/ruby-2.6.3/gems/bootsnap-1.12.0/lib/bootsnap/load_path_cache/core_ext/kernel_require.rb:30:in `require'[0m
     [36m# /home/ec2-user/.rvm/gems/ruby-2.6.3/gems/zeitwerk-2.6.0/lib/zeitwerk/kernel.rb:27:in `require'[0m
     [36m# /home/ec2-user/.rvm/gems/ruby-2.6.3/gems/factory_bot-6.2.1/lib/factory_bot/factory.rb:26:in `build_class'[0m
     [36m# /home/ec2-user/.rvm/gems/ruby-2.6.3/gems/factory_bot-6.2.1/lib/factory_bot/factory.rb:87:in `compile'[0m
     [36m# /home/ec2-user/.rvm/gems/ruby-2.6.3/gems/factory_bot-6.2.1/lib/factory_bot/factory_runner.rb:14:in `run'[0m
     [36m# /home/ec2-user/.rvm/gems/ruby-2.6.3/gems/factory_bot-6.2.1/lib/factory_bot/strategy_syntax_method_registrar.rb:28:in `block in define_singular_strategy_method'[0m
     [36m# ./spec/models/book_spec.rb:8:in `block (3 levels) in <top (required)>'[0m

  4) Bookモデルのテスト バリデーションのテスト bodyカラム 200文字以下であること: 201文字は×
     [31mFailure/Error: let!(:book) { build(:book, user_id: user.id) }[0m
     [31m[0m
     [31mSyntaxError:[0m
     [31m  /home/ec2-user/environment/bookers2/app/models/book.rb:5: syntax error, unexpected ':', expecting '}'[0m
     [31m  ...,presence: true,length{maximum: 200}[0m
     [31m  ...                              ^[0m
     [36m# /home/ec2-user/.rvm/gems/ruby-2.6.3/gems/bootsnap-1.12.0/lib/bootsnap/load_path_cache/core_ext/kernel_require.rb:30:in `require'[0m
     [36m# /home/ec2-user/.rvm/gems/ruby-2.6.3/gems/bootsnap-1.12.0/lib/bootsnap/load_path_cache/core_ext/kernel_require.rb:30:in `require'[0m
     [36m# /home/ec2-user/.rvm/gems/ruby-2.6.3/gems/zeitwerk-2.6.0/lib/zeitwerk/kernel.rb:27:in `require'[0m
     [36m# /home/ec2-user/.rvm/gems/ruby-2.6.3/gems/factory_bot-6.2.1/lib/factory_bot/factory.rb:26:in `build_class'[0m
     [36m# /home/ec2-user/.rvm/gems/ruby-2.6.3/gems/factory_bot-6.2.1/lib/factory_bot/factory.rb:87:in `compile'[0m
     [36m# /home/ec2-user/.rvm/gems/ruby-2.6.3/gems/factory_bot-6.2.1/lib/factory_bot/factory_runner.rb:14:in `run'[0m
     [36m# /home/ec2-user/.rvm/gems/ruby-2.6.3/gems/factory_bot-6.2.1/lib/factory_bot/strategy_syntax_method_registrar.rb:28:in `block in define_singular_strategy_method'[0m
     [36m# ./spec/models/book_spec.rb:8:in `block (3 levels) in <top (required)>'[0m

  5) Bookモデルのテスト アソシエーションのテスト Userモデルとの関係 N:1となっている
     [31mFailure/Error: expect(Book.reflect_on_association(:user).macro).to eq :belongs_to[0m
     [31m[0m
     [31mSyntaxError:[0m
     [31m  /home/ec2-user/environment/bookers2/app/models/book.rb:5: syntax error, unexpected ':', expecting '}'[0m
     [31m  ...,presence: true,length{maximum: 200}[0m
     [31m  ...                              ^[0m
     [36m# /home/ec2-user/.rvm/gems/ruby-2.6.3/gems/bootsnap-1.12.0/lib/bootsnap/load_path_cache/core_ext/kernel_require.rb:30:in `require'[0m
     [36m# /home/ec2-user/.rvm/gems/ruby-2.6.3/gems/bootsnap-1.12.0/lib/bootsnap/load_path_cache/core_ext/kernel_require.rb:30:in `require'[0m
     [36m# /home/ec2-user/.rvm/gems/ruby-2.6.3/gems/zeitwerk-2.6.0/lib/zeitwerk/kernel.rb:27:in `require'[0m
     [36m# ./spec/models/book_spec.rb:36:in `block (4 levels) in <top (required)>'[0m

  6) Userモデルのテスト バリデーションのテスト nameカラム 一意性があること
     [31mFailure/Error: is_expected.to eq false[0m
     [31m[0m
     [31m  expected: false[0m
     [31m       got: true[0m
     [31m[0m
     [31m  (compared using ==)[0m
     [31m[0m
     [31m  Diff:[0m[0m
     [31m  [0m[34m@@ -1 +1 @@[0m
     [31m  [0m[31m-false[0m
     [31m  [0m[32m+true[0m
     [31m  [0m[0m
     [36m# ./spec/models/user_spec.rb:33:in `block (4 levels) in <main>'[0m

  7) [STEP1] ユーザログイン前のテスト アバウト画面のテスト 表示内容の確認 URLが正しい
     [31mFailure/Error: expect(current_path).to eq '/home/about'[0m
     [31m[0m
     [31m  expected: "/home/about"[0m
     [31m       got: "/users/sign_in"[0m
     [31m[0m
     [31m  (compared using ==)[0m
     [36m# ./spec/system/01_before_login_spec.rb:39:in `block (4 levels) in <main>'[0m

Finished in 1.58 seconds (files took 1.58 seconds to load)
[31m22 examples, 7 failures[0m

Failed examples:

[31mrspec ./spec/models/book_spec.rb:11[0m [36m# Bookモデルのテスト バリデーションのテスト titleカラム 空欄でないこと[0m
[31mrspec ./spec/models/book_spec.rb:18[0m [36m# Bookモデルのテスト バリデーションのテスト bodyカラム 空欄でないこと[0m
[31mrspec ./spec/models/book_spec.rb:22[0m [36m# Bookモデルのテスト バリデーションのテスト bodyカラム 200文字以下であること: 200文字は〇[0m
[31mrspec ./spec/models/book_spec.rb:26[0m [36m# Bookモデルのテスト バリデーションのテスト bodyカラム 200文字以下であること: 201文字は×[0m
[31mrspec ./spec/models/book_spec.rb:35[0m [36m# Bookモデルのテスト アソシエーションのテスト Userモデルとの関係 N:1となっている[0m
[31mrspec ./spec/models/user_spec.rb:31[0m [36m# Userモデルのテスト バリデーションのテスト nameカラム 一意性があること[0m
[31mrspec ./spec/system/01_before_login_spec.rb:38[0m [36m# [STEP1] ユーザログイン前のテスト アバウト画面のテスト 表示内容の確認 URLが正しい[0m

